mobile-app/build/app/intermediates/manifest_merge_blame_file/debug/manifest-merger-blame-debug-report.txt
1<?xml version="1.0" encoding="utf-8"?>
2<manifest xmlns:android="http://schemas.android.com/apk/res/android"
3    package="com.akhilr.dormsafe"
4    android:versionCode="1"
5    android:versionName="1.0.0" >
6
7    <uses-sdk
8        android:minSdkVersion="30"
9        android:targetSdkVersion="30" />
10    <!--
11         Flutter needs it to communicate with the running application
12         to allow setting breakpoints, to provide hot reload, etc.
13    -->
14    <uses-permission android:name="android.permission.INTERNET" />
14-->src/debug/AndroidManifest.xml:6:5-66
14-->src/debug/AndroidManifest.xml:6:22-64
15
16    <queries>
16-->src/main/AndroidManifest.xml:3:8-7:15
17        <intent>
17-->src/main/AndroidManifest.xml:4:9-6:18
18            <action android:name="android.media.action.IMAGE_CAPTURE" />
18-->src/main/AndroidManifest.xml:5:13-73
18-->src/main/AndroidManifest.xml:5:21-70
19        </intent>
20    </queries>
21
22    <uses-permission android:name="android.permission.QUERY_ALL_PACKAGES" />
22-->src/main/AndroidManifest.xml:50:5-76
22-->src/main/AndroidManifest.xml:50:22-74
23    <uses-permission android:name="android.permission.CAMERA" />
23-->[:camera] AndroidManifest.xml:7:5-65
23-->[:camera] AndroidManifest.xml:7:22-62
24    <uses-permission android:name="android.permission.RECORD_AUDIO" /> <!-- Although the *SdkVersion is captured in gradle build files, this is required for non gradle builds -->
24-->[:camera] AndroidManifest.xml:8:5-71
24-->[:camera] AndroidManifest.xml:8:22-68
25    <!-- <uses-sdk android:minSdkVersion="14" /> -->
26    <uses-permission android:name="android.permission.ACCESS_NETWORK_STATE" />
26-->[com.google.firebase:firebase-firestore:23.0.1] AndroidManifest.xml:13:5-79
26-->[com.google.firebase:firebase-firestore:23.0.1] AndroidManifest.xml:13:22-76
27
28    <application
28-->src/main/AndroidManifest.xml:8:4-49:19
29        android:appComponentFactory="androidx.core.app.CoreComponentFactory"
29-->[androidx.core:core:1.5.0] AndroidManifest.xml:24:18-86
30        android:debuggable="true"
31        android:extractNativeLibs="false"
32        android:icon="@mipmap/ic_launcher"
32-->src/main/AndroidManifest.xml:10:9-43
33        android:label="dormsafe" >
33-->src/main/AndroidManifest.xml:9:9-33
34        <activity
34-->src/main/AndroidManifest.xml:11:9-39:20
35            android:name="com.akhilr.dormsafe.MainActivity"
35-->src/main/AndroidManifest.xml:12:13-41
36            android:configChanges="orientation|keyboardHidden|keyboard|screenSize|smallestScreenSize|locale|layoutDirection|fontScale|screenLayout|density|uiMode"
36-->src/main/AndroidManifest.xml:15:13-163
37            android:hardwareAccelerated="true"
37-->src/main/AndroidManifest.xml:16:13-47
38            android:launchMode="singleTop"
38-->src/main/AndroidManifest.xml:13:13-43
39            android:theme="@style/LaunchTheme"
39-->src/main/AndroidManifest.xml:14:13-47
40            android:windowSoftInputMode="adjustResize" >
40-->src/main/AndroidManifest.xml:17:13-55
41
42            <!--
43                 Specifies an Android theme to apply to this Activity as soon as
44                 the Android process has started. This theme is visible to the user
45                 while the Flutter UI initializes. After that, this theme continues
46                 to determine the Window background behind the Flutter UI.
47            -->
48            <meta-data
48-->src/main/AndroidManifest.xml:22:13-25:17
49                android:name="io.flutter.embedding.android.NormalTheme"
49-->src/main/AndroidManifest.xml:23:15-70
50                android:resource="@style/NormalTheme" />
50-->src/main/AndroidManifest.xml:24:15-52
51            <!--
52                 Displays an Android View that continues showing the launch screen
53                 Drawable until Flutter paints its first frame, then this splash
54                 screen fades out. A splash screen is useful to avoid any visual
55                 gap between the end of Android's launch screen and the painting of
56                 Flutter's first frame.
57            -->
58            <meta-data
58-->src/main/AndroidManifest.xml:31:13-34:17
59                android:name="io.flutter.embedding.android.SplashScreenDrawable"
59-->src/main/AndroidManifest.xml:32:15-79
60                android:resource="@drawable/launch_background" />
60-->src/main/AndroidManifest.xml:33:15-61
61
62            <intent-filter>
62-->src/main/AndroidManifest.xml:35:13-38:29
63                <action android:name="android.intent.action.MAIN" />
63-->src/main/AndroidManifest.xml:36:17-68
63-->src/main/AndroidManifest.xml:36:25-66
64
65                <category android:name="android.intent.category.LAUNCHER" />
65-->src/main/AndroidManifest.xml:37:17-76
65-->src/main/AndroidManifest.xml:37:27-74
66            </intent-filter>
67        </activity>
68        <activity
68-->src/main/AndroidManifest.xml:40:9-43:71
69            android:name="com.yalantis.ucrop.UCropActivity"
69-->src/main/AndroidManifest.xml:41:13-60
70            android:screenOrientation="portrait"
70-->src/main/AndroidManifest.xml:42:13-49
71            android:theme="@style/Theme.AppCompat.Light.NoActionBar" />
71-->src/main/AndroidManifest.xml:43:13-69
72        <!--
73             Don't delete the meta-data below.
74             This is used by the Flutter tool to generate GeneratedPluginRegistrant.java
75        -->
76        <meta-data
76-->src/main/AndroidManifest.xml:46:9-48:33
77            android:name="flutterEmbedding"
77-->src/main/AndroidManifest.xml:47:13-44
78            android:value="2" />
78-->src/main/AndroidManifest.xml:48:13-30
79
80        <service
80-->[:firebase_database] AndroidManifest.xml:8:9-12:19
81            android:name="com.google.firebase.components.ComponentDiscoveryService"
81-->[:firebase_database] AndroidManifest.xml:8:18-89
82            android:directBootAware="true"
82-->[com.google.firebase:firebase-common:20.0.0] AndroidManifest.xml:35:13-43
83            android:exported="false" >
83-->[com.google.firebase:firebase-firestore:23.0.1] AndroidManifest.xml:19:13-37
84            <meta-data
84-->[:firebase_database] AndroidManifest.xml:9:13-11:85
85                android:name="com.google.firebase.components:io.flutter.plugins.firebase.database.FlutterFirebaseAppRegistrar"
85-->[:firebase_database] AndroidManifest.xml:10:17-127
86                android:value="com.google.firebase.components.ComponentRegistrar" />
86-->[:firebase_database] AndroidManifest.xml:11:17-82
87            <meta-data
87-->[:cloud_firestore] AndroidManifest.xml:9:13-11:85
88                android:name="com.google.firebase.components:io.flutter.plugins.firebase.firestore.FlutterFirebaseFirestoreRegistrar"
88-->[:cloud_firestore] AndroidManifest.xml:10:17-134
89                android:value="com.google.firebase.components.ComponentRegistrar" />
89-->[:cloud_firestore] AndroidManifest.xml:11:17-82
90            <meta-data
90-->[:firebase_auth] AndroidManifest.xml:9:13-11:85
91                android:name="com.google.firebase.components:io.flutter.plugins.firebase.auth.FlutterFirebaseAuthRegistrar"
91-->[:firebase_auth] AndroidManifest.xml:10:17-124
92                android:value="com.google.firebase.components.ComponentRegistrar" />
92-->[:firebase_auth] AndroidManifest.xml:11:17-82
93            <meta-data
93-->[:firebase_storage] AndroidManifest.xml:9:13-11:85
94                android:name="com.google.firebase.components:io.flutter.plugins.firebase.storage.FlutterFirebaseAppRegistrar"
94-->[:firebase_storage] AndroidManifest.xml:10:17-126
95                android:value="com.google.firebase.components.ComponentRegistrar" />
95-->[:firebase_storage] AndroidManifest.xml:11:17-82
96            <meta-data
96-->[:firebase_core] AndroidManifest.xml:9:13-11:85
97                android:name="com.google.firebase.components:io.flutter.plugins.firebase.core.FlutterFirebaseCoreRegistrar"
97-->[:firebase_core] AndroidManifest.xml:10:17-124
98                android:value="com.google.firebase.components.ComponentRegistrar" />
98-->[:firebase_core] AndroidManifest.xml:11:17-82
99            <meta-data
99-->[com.google.firebase:firebase-firestore:23.0.1] AndroidManifest.xml:20:13-22:85
100                android:name="com.google.firebase.components:com.google.firebase.firestore.FirestoreRegistrar"
100-->[com.google.firebase:firebase-firestore:23.0.1] AndroidManifest.xml:21:17-111
101                android:value="com.google.firebase.components.ComponentRegistrar" />
101-->[com.google.firebase:firebase-firestore:23.0.1] AndroidManifest.xml:22:17-82
102            <meta-data
102-->[com.google.firebase:firebase-auth:21.0.1] AndroidManifest.xml:77:13-79:85
103                android:name="com.google.firebase.components:com.google.firebase.auth.FirebaseAuthRegistrar"
103-->[com.google.firebase:firebase-auth:21.0.1] AndroidManifest.xml:78:17-109
104                android:value="com.google.firebase.components.ComponentRegistrar" />
104-->[com.google.firebase:firebase-auth:21.0.1] AndroidManifest.xml:79:17-82
105            <meta-data
105-->[com.google.firebase:firebase-storage:20.0.0] AndroidManifest.xml:33:13-35:85
106                android:name="com.google.firebase.components:com.google.firebase.storage.StorageRegistrar"
106-->[com.google.firebase:firebase-storage:20.0.0] AndroidManifest.xml:34:17-107
107                android:value="com.google.firebase.components.ComponentRegistrar" />
107-->[com.google.firebase:firebase-storage:20.0.0] AndroidManifest.xml:35:17-82
108            <meta-data
108-->[com.google.firebase:firebase-database:20.0.0] AndroidManifest.xml:32:13-34:85
109                android:name="com.google.firebase.components:com.google.firebase.database.DatabaseRegistrar"
109-->[com.google.firebase:firebase-database:20.0.0] AndroidManifest.xml:33:17-109
110                android:value="com.google.firebase.components.ComponentRegistrar" />
110-->[com.google.firebase:firebase-database:20.0.0] AndroidManifest.xml:34:17-82
111        </service>
112
113        <provider
113-->[:image_picker] AndroidManifest.xml:8:9-16:20
114            android:name="io.flutter.plugins.imagepicker.ImagePickerFileProvider"
114-->[:image_picker] AndroidManifest.xml:9:13-82
115            android:authorities="com.akhilr.dormsafe.flutter.image_provider"
115-->[:image_picker] AndroidManifest.xml:10:13-74
116            android:exported="false"
116-->[:image_picker] AndroidManifest.xml:11:13-37
117            android:grantUriPermissions="true" >
117-->[:image_picker] AndroidManifest.xml:12:13-47
118            <meta-data
118-->[:image_picker] AndroidManifest.xml:13:13-15:75
119                android:name="android.support.FILE_PROVIDER_PATHS"
119-->[:image_picker] AndroidManifest.xml:14:17-67
120                android:resource="@xml/flutter_image_picker_file_paths" />
120-->[:image_picker] AndroidManifest.xml:15:17-72
121        </provider>
122        <provider
122-->[:esys_flutter_share] AndroidManifest.xml:8:9-16:20
123            android:name="de.esys.esysfluttershare.EsysFlutterShareFileProvider"
123-->[:esys_flutter_share] AndroidManifest.xml:9:13-81
124            android:authorities="com.akhilr.dormsafe.fileprovider.github.com/orgs/esysberlin/esys-flutter-share"
124-->[:esys_flutter_share] AndroidManifest.xml:10:13-110
125            android:exported="false"
125-->[:esys_flutter_share] AndroidManifest.xml:11:13-37
126            android:grantUriPermissions="true" >
126-->[:esys_flutter_share] AndroidManifest.xml:12:13-47
127            <meta-data
127-->[:image_picker] AndroidManifest.xml:13:13-15:75
128                android:name="android.support.FILE_PROVIDER_PATHS"
128-->[:image_picker] AndroidManifest.xml:14:17-67
129                android:resource="@xml/esys_flutter_share_filepaths" />
129-->[:image_picker] AndroidManifest.xml:15:17-72
130        </provider>
131
132        <activity
132-->[com.google.firebase:firebase-auth:21.0.1] AndroidManifest.xml:27:9-44:20
133            android:name="com.google.firebase.auth.internal.GenericIdpActivity"
133-->[com.google.firebase:firebase-auth:21.0.1] AndroidManifest.xml:28:13-80
134            android:excludeFromRecents="true"
134-->[com.google.firebase:firebase-auth:21.0.1] AndroidManifest.xml:29:13-46
135            android:exported="true"
135-->[com.google.firebase:firebase-auth:21.0.1] AndroidManifest.xml:30:13-36
136            android:launchMode="singleTask"
136-->[com.google.firebase:firebase-auth:21.0.1] AndroidManifest.xml:31:13-44
137            android:theme="@android:style/Theme.Translucent.NoTitleBar" >
137-->[com.google.firebase:firebase-auth:21.0.1] AndroidManifest.xml:32:13-72
138            <intent-filter>
138-->[com.google.firebase:firebase-auth:21.0.1] AndroidManifest.xml:33:13-43:29
139                <action android:name="android.intent.action.VIEW" />
139-->[com.google.firebase:firebase-auth:21.0.1] AndroidManifest.xml:34:17-69
139-->[com.google.firebase:firebase-auth:21.0.1] AndroidManifest.xml:34:25-66
140
141                <category android:name="android.intent.category.DEFAULT" />
141-->[com.google.firebase:firebase-auth:21.0.1] AndroidManifest.xml:36:17-76
141-->[com.google.firebase:firebase-auth:21.0.1] AndroidManifest.xml:36:27-73
142                <category android:name="android.intent.category.BROWSABLE" />
142-->[com.google.firebase:firebase-auth:21.0.1] AndroidManifest.xml:37:17-78
142-->[com.google.firebase:firebase-auth:21.0.1] AndroidManifest.xml:37:27-75
143
144                <data
144-->[com.google.firebase:firebase-auth:21.0.1] AndroidManifest.xml:39:17-42:51
145                    android:host="firebase.auth"
145-->[com.google.firebase:firebase-auth:21.0.1] AndroidManifest.xml:40:21-49
146                    android:path="/"
146-->[com.google.firebase:firebase-auth:21.0.1] AndroidManifest.xml:41:21-37
147                    android:scheme="genericidp" />
147-->[com.google.firebase:firebase-auth:21.0.1] AndroidManifest.xml:42:21-48
148            </intent-filter>
149        </activity>
150        <activity
150-->[com.google.firebase:firebase-auth:21.0.1] AndroidManifest.xml:45:9-62:20
151            android:name="com.google.firebase.auth.internal.RecaptchaActivity"
151-->[com.google.firebase:firebase-auth:21.0.1] AndroidManifest.xml:46:13-79
152            android:excludeFromRecents="true"
152-->[com.google.firebase:firebase-auth:21.0.1] AndroidManifest.xml:47:13-46
153            android:exported="true"
153-->[com.google.firebase:firebase-auth:21.0.1] AndroidManifest.xml:48:13-36
154            android:launchMode="singleTask"
154-->[com.google.firebase:firebase-auth:21.0.1] AndroidManifest.xml:49:13-44
155            android:theme="@android:style/Theme.Translucent.NoTitleBar" >
155-->[com.google.firebase:firebase-auth:21.0.1] AndroidManifest.xml:50:13-72
156            <intent-filter>
156-->[com.google.firebase:firebase-auth:21.0.1] AndroidManifest.xml:51:13-61:29
157                <action android:name="android.intent.action.VIEW" />
157-->[com.google.firebase:firebase-auth:21.0.1] AndroidManifest.xml:34:17-69
157-->[com.google.firebase:firebase-auth:21.0.1] AndroidManifest.xml:34:25-66
158
159                <category android:name="android.intent.category.DEFAULT" />
159-->[com.google.firebase:firebase-auth:21.0.1] AndroidManifest.xml:36:17-76
159-->[com.google.firebase:firebase-auth:21.0.1] AndroidManifest.xml:36:27-73
160                <category android:name="android.intent.category.BROWSABLE" />
160-->[com.google.firebase:firebase-auth:21.0.1] AndroidManifest.xml:37:17-78
160-->[com.google.firebase:firebase-auth:21.0.1] AndroidManifest.xml:37:27-75
161
162                <data
162-->[com.google.firebase:firebase-auth:21.0.1] AndroidManifest.xml:39:17-42:51
163                    android:host="firebase.auth"
163-->[com.google.firebase:firebase-auth:21.0.1] AndroidManifest.xml:40:21-49
164                    android:path="/"
164-->[com.google.firebase:firebase-auth:21.0.1] AndroidManifest.xml:41:21-37
165                    android:scheme="recaptcha" />
165-->[com.google.firebase:firebase-auth:21.0.1] AndroidManifest.xml:42:21-48
166            </intent-filter>
167        </activity>
168
169        <service
169-->[com.google.firebase:firebase-auth:21.0.1] AndroidManifest.xml:64:9-73:19
170            android:name="com.google.firebase.auth.api.fallback.service.FirebaseAuthFallbackService"
170-->[com.google.firebase:firebase-auth:21.0.1] AndroidManifest.xml:65:13-101
171            android:enabled="true"
171-->[com.google.firebase:firebase-auth:21.0.1] AndroidManifest.xml:66:13-35
172            android:exported="false" >
172-->[com.google.firebase:firebase-auth:21.0.1] AndroidManifest.xml:67:13-37
173            <intent-filter>
173-->[com.google.firebase:firebase-auth:21.0.1] AndroidManifest.xml:68:13-72:29
174                <action android:name="com.google.firebase.auth.api.gms.service.START" />
174-->[com.google.firebase:firebase-auth:21.0.1] AndroidManifest.xml:69:17-89
174-->[com.google.firebase:firebase-auth:21.0.1] AndroidManifest.xml:69:25-86
175
176                <category android:name="android.intent.category.DEFAULT" />
176-->[com.google.firebase:firebase-auth:21.0.1] AndroidManifest.xml:36:17-76
176-->[com.google.firebase:firebase-auth:21.0.1] AndroidManifest.xml:36:27-73
177            </intent-filter>
178        </service>
179
180        <provider
180-->[com.google.firebase:firebase-common:20.0.0] AndroidManifest.xml:26:9-31:39
181            android:name="com.google.firebase.provider.FirebaseInitProvider"
181-->[com.google.firebase:firebase-common:20.0.0] AndroidManifest.xml:27:13-77
182            android:authorities="com.akhilr.dormsafe.firebaseinitprovider"
182-->[com.google.firebase:firebase-common:20.0.0] AndroidManifest.xml:28:13-72
183            android:directBootAware="true"
183-->[com.google.firebase:firebase-common:20.0.0] AndroidManifest.xml:29:13-43
184            android:exported="false"
184-->[com.google.firebase:firebase-common:20.0.0] AndroidManifest.xml:30:13-37
185            android:initOrder="100" />
185-->[com.google.firebase:firebase-common:20.0.0] AndroidManifest.xml:31:13-36
186
187        <activity
187-->[com.google.android.gms:play-services-auth:16.0.1] AndroidManifest.xml:23:9-27:75
188            android:name="com.google.android.gms.auth.api.signin.internal.SignInHubActivity"
188-->[com.google.android.gms:play-services-auth:16.0.1] AndroidManifest.xml:24:13-93
189            android:excludeFromRecents="true"
189-->[com.google.android.gms:play-services-auth:16.0.1] AndroidManifest.xml:25:13-46
190            android:exported="false"
190-->[com.google.android.gms:play-services-auth:16.0.1] AndroidManifest.xml:26:13-37
191            android:theme="@android:style/Theme.Translucent.NoTitleBar" />
191-->[com.google.android.gms:play-services-auth:16.0.1] AndroidManifest.xml:27:13-72
192        <!--
193            Service handling Google Sign-In user revocation. For apps that do not integrate with
194            Google Sign-In, this service will never be started.
195        -->
196        <service
196-->[com.google.android.gms:play-services-auth:16.0.1] AndroidManifest.xml:33:9-36:110
197            android:name="com.google.android.gms.auth.api.signin.RevocationBoundService"
197-->[com.google.android.gms:play-services-auth:16.0.1] AndroidManifest.xml:34:13-89
198            android:exported="true"
198-->[com.google.android.gms:play-services-auth:16.0.1] AndroidManifest.xml:35:13-36
199            android:permission="com.google.android.gms.auth.api.signin.permission.REVOCATION_NOTIFICATION" />
199-->[com.google.android.gms:play-services-auth:16.0.1] AndroidManifest.xml:36:13-107
200
201        <activity
201-->[com.google.android.gms:play-services-base:17.1.0] AndroidManifest.xml:23:9-26:75
202            android:name="com.google.android.gms.common.api.GoogleApiActivity"
202-->[com.google.android.gms:play-services-base:17.1.0] AndroidManifest.xml:24:13-79
203            android:exported="false"
203-->[com.google.android.gms:play-services-base:17.1.0] AndroidManifest.xml:25:13-37
204            android:theme="@android:style/Theme.Translucent.NoTitleBar" />
204-->[com.google.android.gms:play-services-base:17.1.0] AndroidManifest.xml:26:13-72
205
206        <meta-data
206-->[com.google.android.gms:play-services-basement:17.1.0] AndroidManifest.xml:23:9-25:69
207            android:name="com.google.android.gms.version"
207-->[com.google.android.gms:play-services-basement:17.1.0] AndroidManifest.xml:24:13-58
208            android:value="@integer/google_play_services_version" />
208-->[com.google.android.gms:play-services-basement:17.1.0] AndroidManifest.xml:25:13-66
209    </application>
210
211</manifest>